<?xml version="1.0" encoding="UTF-8"?>
<!-- Generated by org.testng.reporters.JUnitXMLReporter -->
<testsuite hostname="DmitryFRAMEWORK" ignored="0" name="Data Provider" tests="4" failures="1" timestamp="26 Jan 2017 06:31:05 GMT" time="0.089" errors="0">
  <testcase name="TC-01.01 (Summary of 1 and 2 equals 3)" time="0.014" classname="core.DPCSVTMTest"/>
  <testcase name="TC-01.02 (Summary of 3 and 4 equals 7)" time="0.002" classname="core.DPCSVTMTest"/>
  <testcase name="TC-01.03 (Summary of 5 and 6 equals 11)" time="0.002" classname="core.DPCSVTMTest"/>
  <testcase name="TC-01.04 (Summary of 7 and 8 equals 15)" time="0.006" classname="core.DPCSVTMTest">
    <failure type="java.lang.AssertionError" message="
Expected: is &amp;lt;16&amp;gt;
     but: was &amp;lt;15&amp;gt;">
      <![CDATA[java.lang.AssertionError: 
Expected: is <16>
     but: was <15>
	at org.hamcrest.MatcherAssert.assertThat(MatcherAssert.java:20)
	at org.hamcrest.MatcherAssert.assertThat(MatcherAssert.java:8)
	at core.DPCSVTMTest.test(DPCSVTMTest.java:39)
... Removed 25 stack frames]]>
    </failure>
  </testcase> <!-- TC-01.04 (Summary of 7 and 8 equals 15) -->
</testsuite> <!-- Data Provider -->
