<?xml version="1.0" encoding="UTF-8"?>
<testng-results skipped="0" failed="1" ignored="0" total="4" passed="3">
  <reporter-output>
  </reporter-output>
  <suite name="TestNG Suite" duration-ms="89" started-at="2017-01-26T06:31:05Z" finished-at="2017-01-26T06:31:05Z">
    <groups>
    </groups>
    <test name="Data Provider" duration-ms="89" started-at="2017-01-26T06:31:05Z" finished-at="2017-01-26T06:31:05Z">
      <class name="core.DPCSVTMTest">
        <test-method status="PASS" signature="bm(java.lang.reflect.Method, [Ljava.lang.Object;)[pri:0, instance:core.DPCSVTMTest@5bcab519]" test-instance-name="TC-01.04 (Summary of 7 and 8 equals 15)" name="bm" is-config="true" duration-ms="8" started-at="2017-01-25T22:31:05Z" finished-at="2017-01-25T22:31:05Z">
          <params>
            <param index="0">
              <value>
                <![CDATA[public void core.DPCSVTMTest.test(java.lang.String,java.lang.String,java.lang.String,java.lang.String)]]>
              </value>
            </param>
            <param index="1">
              <value>
                <![CDATA[[Ljava.lang.Object;@7a3d45bd]]>
              </value>
            </param>
          </params>
          <reporter-output>
          </reporter-output>
        </test-method> <!-- bm -->
        <test-method status="PASS" signature="test(java.lang.String, java.lang.String, java.lang.String, java.lang.String)[pri:0, instance:core.DPCSVTMTest@5bcab519]" test-instance-name="TC-01.04 (Summary of 7 and 8 equals 15)" name="test" duration-ms="14" started-at="2017-01-25T22:31:05Z" data-provider="dp" finished-at="2017-01-25T22:31:05Z">
          <params>
            <param index="0">
              <value>
                <![CDATA[TC-01.01 (Summary of 1 and 2 equals 3)]]>
              </value>
            </param>
            <param index="1">
              <value>
                <![CDATA[1]]>
              </value>
            </param>
            <param index="2">
              <value>
                <![CDATA[2]]>
              </value>
            </param>
            <param index="3">
              <value>
                <![CDATA[3]]>
              </value>
            </param>
          </params>
          <reporter-output>
          </reporter-output>
        </test-method> <!-- test -->
        <test-method status="PASS" signature="bm(java.lang.reflect.Method, [Ljava.lang.Object;)[pri:0, instance:core.DPCSVTMTest@5bcab519]" test-instance-name="TC-01.04 (Summary of 7 and 8 equals 15)" name="bm" is-config="true" duration-ms="0" started-at="2017-01-25T22:31:05Z" finished-at="2017-01-25T22:31:05Z">
          <params>
            <param index="0">
              <value>
                <![CDATA[public void core.DPCSVTMTest.test(java.lang.String,java.lang.String,java.lang.String,java.lang.String)]]>
              </value>
            </param>
            <param index="1">
              <value>
                <![CDATA[[Ljava.lang.Object;@1e7c7811]]>
              </value>
            </param>
          </params>
          <reporter-output>
          </reporter-output>
        </test-method> <!-- bm -->
        <test-method status="PASS" signature="test(java.lang.String, java.lang.String, java.lang.String, java.lang.String)[pri:0, instance:core.DPCSVTMTest@5bcab519]" test-instance-name="TC-01.04 (Summary of 7 and 8 equals 15)" name="test" duration-ms="2" started-at="2017-01-25T22:31:05Z" data-provider="dp" finished-at="2017-01-25T22:31:05Z">
          <params>
            <param index="0">
              <value>
                <![CDATA[TC-01.02 (Summary of 3 and 4 equals 7)]]>
              </value>
            </param>
            <param index="1">
              <value>
                <![CDATA[3]]>
              </value>
            </param>
            <param index="2">
              <value>
                <![CDATA[4]]>
              </value>
            </param>
            <param index="3">
              <value>
                <![CDATA[7]]>
              </value>
            </param>
          </params>
          <reporter-output>
          </reporter-output>
        </test-method> <!-- test -->
        <test-method status="PASS" signature="bm(java.lang.reflect.Method, [Ljava.lang.Object;)[pri:0, instance:core.DPCSVTMTest@5bcab519]" test-instance-name="TC-01.04 (Summary of 7 and 8 equals 15)" name="bm" is-config="true" duration-ms="0" started-at="2017-01-25T22:31:05Z" finished-at="2017-01-25T22:31:05Z">
          <params>
            <param index="0">
              <value>
                <![CDATA[public void core.DPCSVTMTest.test(java.lang.String,java.lang.String,java.lang.String,java.lang.String)]]>
              </value>
            </param>
            <param index="1">
              <value>
                <![CDATA[[Ljava.lang.Object;@77ec78b9]]>
              </value>
            </param>
          </params>
          <reporter-output>
          </reporter-output>
        </test-method> <!-- bm -->
        <test-method status="PASS" signature="test(java.lang.String, java.lang.String, java.lang.String, java.lang.String)[pri:0, instance:core.DPCSVTMTest@5bcab519]" test-instance-name="TC-01.04 (Summary of 7 and 8 equals 15)" name="test" duration-ms="2" started-at="2017-01-25T22:31:05Z" data-provider="dp" finished-at="2017-01-25T22:31:05Z">
          <params>
            <param index="0">
              <value>
                <![CDATA[TC-01.03 (Summary of 5 and 6 equals 11)]]>
              </value>
            </param>
            <param index="1">
              <value>
                <![CDATA[5]]>
              </value>
            </param>
            <param index="2">
              <value>
                <![CDATA[6]]>
              </value>
            </param>
            <param index="3">
              <value>
                <![CDATA[11]]>
              </value>
            </param>
          </params>
          <reporter-output>
          </reporter-output>
        </test-method> <!-- test -->
        <test-method status="PASS" signature="bm(java.lang.reflect.Method, [Ljava.lang.Object;)[pri:0, instance:core.DPCSVTMTest@5bcab519]" test-instance-name="TC-01.04 (Summary of 7 and 8 equals 15)" name="bm" is-config="true" duration-ms="2" started-at="2017-01-25T22:31:05Z" finished-at="2017-01-25T22:31:05Z">
          <params>
            <param index="0">
              <value>
                <![CDATA[public void core.DPCSVTMTest.test(java.lang.String,java.lang.String,java.lang.String,java.lang.String)]]>
              </value>
            </param>
            <param index="1">
              <value>
                <![CDATA[[Ljava.lang.Object;@1a3869f4]]>
              </value>
            </param>
          </params>
          <reporter-output>
          </reporter-output>
        </test-method> <!-- bm -->
        <test-method status="FAIL" signature="test(java.lang.String, java.lang.String, java.lang.String, java.lang.String)[pri:0, instance:core.DPCSVTMTest@5bcab519]" test-instance-name="TC-01.04 (Summary of 7 and 8 equals 15)" name="test" duration-ms="6" started-at="2017-01-25T22:31:05Z" data-provider="dp" finished-at="2017-01-25T22:31:05Z">
          <params>
            <param index="0">
              <value>
                <![CDATA[TC-01.04 (Summary of 7 and 8 equals 15)]]>
              </value>
            </param>
            <param index="1">
              <value>
                <![CDATA[7]]>
              </value>
            </param>
            <param index="2">
              <value>
                <![CDATA[8]]>
              </value>
            </param>
            <param index="3">
              <value>
                <![CDATA[16]]>
              </value>
            </param>
          </params>
          <exception class="java.lang.AssertionError">
            <message>
              <![CDATA[
Expected: is <16>
     but: was <15>]]>
            </message>
            <full-stacktrace>
              <![CDATA[java.lang.AssertionError: 
Expected: is <16>
     but: was <15>
	at org.hamcrest.MatcherAssert.assertThat(MatcherAssert.java:20)
	at org.hamcrest.MatcherAssert.assertThat(MatcherAssert.java:8)
	at core.DPCSVTMTest.test(DPCSVTMTest.java:39)
	at sun.reflect.NativeMethodAccessorImpl.invoke0(Native Method)
	at sun.reflect.NativeMethodAccessorImpl.invoke(NativeMethodAccessorImpl.java:62)
	at sun.reflect.DelegatingMethodAccessorImpl.invoke(DelegatingMethodAccessorImpl.java:43)
	at java.lang.reflect.Method.invoke(Method.java:498)
	at org.testng.internal.MethodInvocationHelper.invokeMethod(MethodInvocationHelper.java:104)
	at org.testng.internal.Invoker.invokeMethod(Invoker.java:645)
	at org.testng.internal.Invoker.invokeTestMethod(Invoker.java:851)
	at org.testng.internal.Invoker.invokeTestMethods(Invoker.java:1177)
	at org.testng.internal.TestMethodWorker.invokeTestMethods(TestMethodWorker.java:129)
	at org.testng.internal.TestMethodWorker.run(TestMethodWorker.java:112)
	at org.testng.TestRunner.privateRun(TestRunner.java:756)
	at org.testng.TestRunner.run(TestRunner.java:610)
	at org.testng.SuiteRunner.runTest(SuiteRunner.java:387)
	at org.testng.SuiteRunner.runSequentially(SuiteRunner.java:382)
	at org.testng.SuiteRunner.privateRun(SuiteRunner.java:340)
	at org.testng.SuiteRunner.run(SuiteRunner.java:289)
	at org.testng.SuiteRunnerWorker.runSuite(SuiteRunnerWorker.java:52)
	at org.testng.SuiteRunnerWorker.run(SuiteRunnerWorker.java:86)
	at org.testng.TestNG.runSuitesSequentially(TestNG.java:1293)
	at org.testng.TestNG.runSuitesLocally(TestNG.java:1218)
	at org.testng.TestNG.runSuites(TestNG.java:1133)
	at org.testng.TestNG.run(TestNG.java:1104)
	at org.testng.remote.AbstractRemoteTestNG.run(AbstractRemoteTestNG.java:132)
	at org.testng.remote.RemoteTestNG.initAndRun(RemoteTestNG.java:236)
	at org.testng.remote.RemoteTestNG.main(RemoteTestNG.java:81)
]]>
            </full-stacktrace>
          </exception> <!-- java.lang.AssertionError -->
          <reporter-output>
          </reporter-output>
        </test-method> <!-- test -->
      </class> <!-- core.DPCSVTMTest -->
    </test> <!-- Data Provider -->
  </suite> <!-- TestNG Suite -->
</testng-results>
